\BOOKMARK [0][-]{chapter*.1}{\376\377\000A\000c\000k\000n\000o\000w\000l\000e\000d\000g\000e\000m\000e\000n\000t\000s}{}% 1
\BOOKMARK [0][-]{chapter*.2}{\376\377\000A\000b\000s\000t\000r\000a\000c\000t}{}% 2
\BOOKMARK [0][-]{chapter*.6}{\376\377\000A\000b\000b\000r\000e\000v\000i\000a\000t\000i\000o\000n\000s}{}% 3
\BOOKMARK [0][-]{chapter.1}{\376\377\000I\000n\000t\000r\000o\000d\000u\000c\000t\000i\000o\000n}{}% 4
\BOOKMARK [1][-]{section.1.1}{\376\377\000B\000a\000c\000k\000g\000r\000o\000u\000n\000d}{chapter.1}% 5
\BOOKMARK [1][-]{section.1.2}{\376\377\000S\000l\000e\000e\000p\000-\000s\000t\000a\000t\000e\000\040\000m\000i\000s\000p\000e\000r\000c\000e\000p\000t\000i\000o\000n}{chapter.1}% 6
\BOOKMARK [2][-]{subsection.1.2.1}{\376\377\000S\000u\000b\000s\000e\000c\000t\000i\000o\000n\000\040\000o\000f\000\040\000t\000h\000e\000\040\000m\000i\000d\000d\000l\000e\000\040\000b\000i\000t}{section.1.2}% 7
\BOOKMARK [1][-]{section.1.3}{\376\377\000S\000e\000l\000f\000-\000r\000e\000p\000o\000r\000t\000e\000d\000\040\000s\000l\000e\000e\000p\000i\000n\000e\000s\000s}{chapter.1}% 8
\BOOKMARK [2][-]{subsection.1.3.1}{\376\377\000S\000u\000b\000h\000e\000a\000d\000i\000n\000g}{section.1.3}% 9
\BOOKMARK [1][-]{section.1.4}{\376\377\000S\000u\000m\000m\000a\000r\000y\000\040\000o\000f\000\040\000c\000h\000a\000p\000t\000e\000r\000s}{chapter.1}% 10
\BOOKMARK [0][-]{chapter.2}{\376\377\000M\000e\000t\000h\000o\000d}{}% 11
\BOOKMARK [1][-]{section.2.1}{\376\377\000P\000a\000r\000t\000i\000c\000i\000p\000a\000n\000t\000s}{chapter.2}% 12
\BOOKMARK [1][-]{section.2.2}{\376\377\000M\000e\000a\000s\000u\000r\000e\000s}{chapter.2}% 13
\BOOKMARK [2][-]{subsection.2.2.1}{\376\377\000K\000S\000S}{section.2.2}% 14
\BOOKMARK [2][-]{subsection.2.2.2}{\376\377\000K\000D\000T}{section.2.2}% 15
\BOOKMARK [1][-]{section.2.3}{\376\377\000P\000r\000o\000c\000e\000d\000u\000r\000e}{chapter.2}% 16
\BOOKMARK [0][-]{chapter.3}{\376\377\000R\000e\000s\000u\000l\000t\000s}{}% 17
\BOOKMARK [1][-]{section.3.1}{\376\377\000C\000o\000m\000p\000a\000r\000i\000n\000g\000\040\000K\000S\000S\000\040\000s\000c\000o\000r\000e\000s\000\040\000b\000e\000t\000w\000e\000e\000n\000\040\000g\000r\000o\000u\000p\000s}{chapter.3}% 18
\BOOKMARK [1][-]{section.3.2}{\376\377\000C\000o\000r\000r\000e\000l\000a\000t\000i\000o\000n\000\040\000b\000e\000t\000w\000e\000e\000n\000\040\000K\000S\000S\000\040\000a\000n\000d\000\040\000s\000l\000o\000w\000i\000n\000g\000\040\000r\000a\000t\000i\000o\000\040\000s\000c\000o\000r\000e\000s\000\040\000b\000e\000t\000w\000e\000e\000n\000\040\000g\000r\000o\000u\000p\000s}{chapter.3}% 19
\BOOKMARK [1][-]{section.3.3}{\376\377\000C\000o\000r\000r\000e\000l\000a\000t\000i\000o\000n\000\040\000b\000e\000t\000w\000e\000e\000n\000\040\000K\000S\000S\000\040\000a\000n\000d\000\040\000A\000A\000C\000\040\000b\000e\000t\000w\000e\000e\000n\000\040\000g\000r\000o\000u\000p\000s}{chapter.3}% 20
\BOOKMARK [1][-]{section.3.4}{\376\377\000T\000o\000p\000o\000g\000r\000a\000p\000h\000y\000\040\000o\000f\000\040\000c\000h\000a\000n\000n\000e\000l\000-\000b\000y\000-\000c\000h\000a\000n\000n\000e\000l\000\040\000c\000o\000m\000p\000a\000r\000i\000s\000o\000n\000s\000\040\000b\000e\000t\000w\000e\000e\000n\000\040\000I\000D\000\040\000a\000n\000d\000\040\000N\000R\000S\000\040\000g\000r\000o\000u\000p\000s}{chapter.3}% 21
\BOOKMARK [0][-]{chapter.4}{\376\377\000D\000i\000s\000c\000u\000s\000s\000i\000o\000n}{}% 22
\BOOKMARK [1][-]{subsection.4.0.1}{\376\377\000K\000S\000S\000\040\000s\000c\000o\000r\000e\000\040\000v\000a\000r\000i\000a\000n\000c\000e}{chapter.4}% 23
\BOOKMARK [2][-]{subsection.4.0.2}{\376\377\000A\000A\000C}{subsection.4.0.1}% 24
\BOOKMARK [2][-]{subsection.4.0.3}{\376\377\000S\000l\000o\000w\000i\000n\000g\000\040\000R\000a\000t\000i\000o}{subsection.4.0.1}% 25
\BOOKMARK [2][-]{subsection.4.0.4}{\376\377\000T\000o\000p\000o\000g\000r\000a\000p\000h\000i\000c\000\040\000e\000l\000e\000c\000t\000r\000o\000d\000e\000\040\000c\000l\000u\000s\000t\000e\000r\000\040\000d\000i\000f\000f\000e\000r\000e\000n\000c\000e\000s\000\040\000b\000e\000t\000w\000e\000e\000n\000\040\000I\000D\000/\000N\000R\000S}{subsection.4.0.1}% 26
\BOOKMARK [1][-]{section.4.1}{\376\377\000S\000t\000r\000e\000n\000g\000t\000h\000s}{chapter.4}% 27
\BOOKMARK [1][-]{section.4.2}{\376\377\000L\000i\000m\000i\000t\000a\000t\000i\000o\000n\000s}{chapter.4}% 28
\BOOKMARK [1][-]{section.4.3}{\376\377\000P\000r\000a\000c\000t\000i\000c\000a\000l\000\040\000i\000m\000p\000l\000i\000c\000a\000t\000i\000o\000n\000s\000\040\000a\000n\000d\000\040\000f\000u\000t\000u\000r\000e\000\040\000d\000i\000r\000e\000c\000t\000i\000o\000n\000s}{chapter.4}% 29
\BOOKMARK [1][-]{section.4.4}{\376\377\000C\000o\000n\000c\000l\000u\000s\000i\000o\000n}{chapter.4}% 30
\BOOKMARK [0][-]{chapter.5}{\376\377\000R\000e\000f\000e\000r\000e\000n\000c\000e\000s}{}% 31
\BOOKMARK [0][-]{chapter*.7}{\376\377\000A\000p\000p\000e\000n\000d\000i\000x\000\040\0001\000:\000\040\000S\000o\000m\000e\000\040\000e\000x\000t\000r\000a\000\040\000s\000t\000u\000f\000f}{}% 32
\BOOKMARK [0][-]{chapter*.8}{\376\377\000A\000c\000k\000n\000o\000w\000l\000e\000d\000g\000e\000m\000e\000n\000t\000s}{}% 33
\BOOKMARK [0][-]{chapter*.9}{\376\377\000A\000b\000s\000t\000r\000a\000c\000t}{}% 34
\BOOKMARK [0][-]{chapter*.12}{\376\377\000A\000b\000b\000r\000e\000v\000i\000a\000t\000i\000o\000n\000s}{}% 35
\BOOKMARK [0][-]{chapter.6}{\376\377\000I\000n\000t\000r\000o\000d\000u\000c\000t\000i\000o\000n}{}% 36
\BOOKMARK [1][-]{section.6.1}{\376\377\000B\000a\000c\000k\000g\000r\000o\000u\000n\000d}{chapter.6}% 37
\BOOKMARK [1][-]{section.6.2}{\376\377\000S\000l\000e\000e\000p\000-\000s\000t\000a\000t\000e\000\040\000m\000i\000s\000p\000e\000r\000c\000e\000p\000t\000i\000o\000n}{chapter.6}% 38
\BOOKMARK [2][-]{subsection.6.2.1}{\376\377\000S\000u\000b\000s\000e\000c\000t\000i\000o\000n\000\040\000o\000f\000\040\000t\000h\000e\000\040\000m\000i\000d\000d\000l\000e\000\040\000b\000i\000t}{section.6.2}% 39
\BOOKMARK [1][-]{section.6.3}{\376\377\000S\000e\000l\000f\000-\000r\000e\000p\000o\000r\000t\000e\000d\000\040\000s\000l\000e\000e\000p\000i\000n\000e\000s\000s}{chapter.6}% 40
\BOOKMARK [2][-]{subsection.6.3.1}{\376\377\000S\000u\000b\000h\000e\000a\000d\000i\000n\000g}{section.6.3}% 41
\BOOKMARK [1][-]{section.6.4}{\376\377\000S\000u\000m\000m\000a\000r\000y\000\040\000o\000f\000\040\000c\000h\000a\000p\000t\000e\000r\000s}{chapter.6}% 42
\BOOKMARK [0][-]{chapter.7}{\376\377\000M\000e\000t\000h\000o\000d}{}% 43
\BOOKMARK [1][-]{section.7.1}{\376\377\000P\000a\000r\000t\000i\000c\000i\000p\000a\000n\000t\000s}{chapter.7}% 44
\BOOKMARK [1][-]{section.7.2}{\376\377\000M\000e\000a\000s\000u\000r\000e\000s}{chapter.7}% 45
\BOOKMARK [2][-]{subsection.7.2.1}{\376\377\000K\000S\000S}{section.7.2}% 46
\BOOKMARK [2][-]{subsection.7.2.2}{\376\377\000K\000D\000T}{section.7.2}% 47
\BOOKMARK [1][-]{section.7.3}{\376\377\000P\000r\000o\000c\000e\000d\000u\000r\000e}{chapter.7}% 48
\BOOKMARK [0][-]{chapter.8}{\376\377\000R\000e\000s\000u\000l\000t\000s}{}% 49
\BOOKMARK [1][-]{section.8.1}{\376\377\000C\000o\000m\000p\000a\000r\000i\000n\000g\000\040\000K\000S\000S\000\040\000s\000c\000o\000r\000e\000s\000\040\000b\000e\000t\000w\000e\000e\000n\000\040\000g\000r\000o\000u\000p\000s}{chapter.8}% 50
\BOOKMARK [1][-]{section.8.2}{\376\377\000C\000o\000r\000r\000e\000l\000a\000t\000i\000o\000n\000\040\000b\000e\000t\000w\000e\000e\000n\000\040\000K\000S\000S\000\040\000a\000n\000d\000\040\000s\000l\000o\000w\000i\000n\000g\000\040\000r\000a\000t\000i\000o\000\040\000s\000c\000o\000r\000e\000s\000\040\000b\000e\000t\000w\000e\000e\000n\000\040\000g\000r\000o\000u\000p\000s}{chapter.8}% 51
\BOOKMARK [1][-]{section.8.3}{\376\377\000C\000o\000r\000r\000e\000l\000a\000t\000i\000o\000n\000\040\000b\000e\000t\000w\000e\000e\000n\000\040\000K\000S\000S\000\040\000a\000n\000d\000\040\000A\000A\000C\000\040\000b\000e\000t\000w\000e\000e\000n\000\040\000g\000r\000o\000u\000p\000s}{chapter.8}% 52
\BOOKMARK [1][-]{section.8.4}{\376\377\000T\000o\000p\000o\000g\000r\000a\000p\000h\000y\000\040\000o\000f\000\040\000c\000h\000a\000n\000n\000e\000l\000-\000b\000y\000-\000c\000h\000a\000n\000n\000e\000l\000\040\000c\000o\000m\000p\000a\000r\000i\000s\000o\000n\000s\000\040\000b\000e\000t\000w\000e\000e\000n\000\040\000I\000D\000\040\000a\000n\000d\000\040\000N\000R\000S\000\040\000g\000r\000o\000u\000p\000s}{chapter.8}% 53
\BOOKMARK [0][-]{chapter.9}{\376\377\000D\000i\000s\000c\000u\000s\000s\000i\000o\000n}{}% 54
\BOOKMARK [1][-]{subsection.9.0.1}{\376\377\000K\000S\000S\000\040\000s\000c\000o\000r\000e\000\040\000v\000a\000r\000i\000a\000n\000c\000e}{chapter.9}% 55
\BOOKMARK [2][-]{subsection.9.0.2}{\376\377\000A\000A\000C}{subsection.9.0.1}% 56
\BOOKMARK [2][-]{subsection.9.0.3}{\376\377\000S\000l\000o\000w\000i\000n\000g\000\040\000R\000a\000t\000i\000o}{subsection.9.0.1}% 57
\BOOKMARK [2][-]{subsection.9.0.4}{\376\377\000T\000o\000p\000o\000g\000r\000a\000p\000h\000i\000c\000\040\000e\000l\000e\000c\000t\000r\000o\000d\000e\000\040\000c\000l\000u\000s\000t\000e\000r\000\040\000d\000i\000f\000f\000e\000r\000e\000n\000c\000e\000s\000\040\000b\000e\000t\000w\000e\000e\000n\000\040\000I\000D\000/\000N\000R\000S}{subsection.9.0.1}% 58
\BOOKMARK [1][-]{section.9.1}{\376\377\000S\000t\000r\000e\000n\000g\000t\000h\000s}{chapter.9}% 59
\BOOKMARK [1][-]{section.9.2}{\376\377\000L\000i\000m\000i\000t\000a\000t\000i\000o\000n\000s}{chapter.9}% 60
\BOOKMARK [1][-]{section.9.3}{\376\377\000P\000r\000a\000c\000t\000i\000c\000a\000l\000\040\000i\000m\000p\000l\000i\000c\000a\000t\000i\000o\000n\000s\000\040\000a\000n\000d\000\040\000f\000u\000t\000u\000r\000e\000\040\000d\000i\000r\000e\000c\000t\000i\000o\000n\000s}{chapter.9}% 61
\BOOKMARK [1][-]{section.9.4}{\376\377\000C\000o\000n\000c\000l\000u\000s\000i\000o\000n}{chapter.9}% 62
\BOOKMARK [0][-]{chapter.10}{\376\377\000R\000e\000f\000e\000r\000e\000n\000c\000e\000s}{}% 63
\BOOKMARK [0][-]{chapter*.13}{\376\377\000A\000p\000p\000e\000n\000d\000i\000x\000\040\0001\000:\000\040\000S\000o\000m\000e\000\040\000e\000x\000t\000r\000a\000\040\000s\000t\000u\000f\000f}{}% 64
\BOOKMARK [0][-]{chapter*.14}{\376\377\000A\000p\000p\000e\000n\000d\000i\000x\000\040\0002\000:\000\040\000S\000o\000m\000e\000\040\000m\000o\000r\000e\000\040\000e\000x\000t\000r\000a\000\040\000s\000t\000u\000f\000f}{}% 65
